<?xml version="1.0" encoding="UTF-8" ?>
<testsuites>
  <testsuite errors="0" failures="1" hostname="Aftab-HP" id="0" name="TrustAccountTests" package="ca.bcit.cst.tests" skipped="0" tests="5" time="0.109" timestamp="2014-11-17T23:55:04">
      <properties>
[...]
</properties>

      <testcase classname="ca.bcit.cst.tests.TrustAccountTests" name="withdrawTest2" time="0.0" />

      <testcase classname="ca.bcit.cst.tests.TrustAccountTests" name="closeTest" time="0.0" />

      <testcase classname="ca.bcit.cst.tests.TrustAccountTests" name="depositTest" time="0.0" />

      <testcase classname="ca.bcit.cst.tests.TrustAccountTests" name="withdrawTest" time="0.0" />

      <testcase classname="ca.bcit.cst.tests.TrustAccountTests" name="NameTest" time="0.015">
          <failure message="expected:&lt;1.0&gt; but was:&lt;0.0&gt;" type="junit.framework.AssertionFailedError">junit.framework.AssertionFailedError: expected:&lt;1.0&gt; but was:&lt;0.0&gt;
	at ca.bcit.cst.tests.TrustAccountTests.NameTest(Unknown Source)
</failure>

      </testcase>

      <system-out><![CDATA[]]></system-out>

      <system-err><![CDATA[]]></system-err>

  </testsuite>
  <testsuite errors="0" failures="0" hostname="Aftab-HP" id="1" name="TrustHelperTests" package="ca.bcit.cst.tests" skipped="0" tests="4" time="0.11" timestamp="2014-11-17T23:54:23">
      <properties>
[...]
</properties>

      <testcase classname="ca.bcit.cst.tests.TrustHelperTests" name="DifferentName" time="0.0" />

      <testcase classname="ca.bcit.cst.tests.TrustHelperTests" name="AddBalance" time="0.0" />

      <testcase classname="ca.bcit.cst.tests.TrustHelperTests" name="AccountNumber" time="0.0" />

      <testcase classname="ca.bcit.cst.tests.TrustHelperTests" name="samename" time="0.0" />

      <system-out><![CDATA[]]></system-out>

      <system-err><![CDATA[]]></system-err>

  </testsuite>
  <testsuite errors="0" failures="0" hostname="Aftab-HP" id="2" name="TrustSuite" package="ca.bcit.cst.tests" skipped="0" tests="9" time="0.109" timestamp="2014-11-17T23:54:24">
      <properties>
[...]
</properties>

      <testcase classname="ca.bcit.cst.tests.TrustHelperTests" name="DifferentName" time="0.0" />

      <testcase classname="ca.bcit.cst.tests.TrustHelperTests" name="AddBalance" time="0.0" />

      <testcase classname="ca.bcit.cst.tests.TrustHelperTests" name="AccountNumber" time="0.0" />

      <testcase classname="ca.bcit.cst.tests.TrustHelperTests" name="samename" time="0.0" />

      <testcase classname="ca.bcit.cst.tests.TrustAccountTests" name="withdrawTest2" time="0.0" />

      <testcase classname="ca.bcit.cst.tests.TrustAccountTests" name="closeTest" time="0.0" />

      <testcase classname="ca.bcit.cst.tests.TrustAccountTests" name="depositTest" time="0.0" />

      <testcase classname="ca.bcit.cst.tests.TrustAccountTests" name="withdrawTest" time="0.0" />

      <testcase classname="ca.bcit.cst.tests.TrustAccountTests" name="NameTest" time="0.0" />

      <system-out><![CDATA[]]></system-out>

      <system-err><![CDATA[]]></system-err>

  </testsuite>
  <testsuite errors="0" failures="0" hostname="Aftab-HP" id="3" name="TrustTestsCategorySuite" package="ca.bcit.cst.tests" skipped="0" tests="5" time="0.11" timestamp="2014-11-17T23:54:25">
      <properties>
[...]
</properties>

      <testcase classname="ca.bcit.cst.tests.TrustHelperTests" name="AddBalance" time="0.0" />

      <testcase classname="ca.bcit.cst.tests.TrustHelperTests" name="samename" time="0.0" />

      <testcase classname="ca.bcit.cst.tests.TrustAccountTests" name="depositTest" time="0.0" />

      <testcase classname="ca.bcit.cst.tests.TrustAccountTests" name="withdrawTest" time="0.016" />

      <testcase classname="ca.bcit.cst.tests.TrustAccountTests" name="NameTest" time="0.0" />

      <system-out><![CDATA[]]></system-out>

      <system-err><![CDATA[]]></system-err>

  </testsuite>
</testsuites>
